authorizedotnet/.git/*
authorizedotnet/.github/*
authorizedotnet/composer.lock
authorizedotnet/composer.json
authorizedotnet/log.txt
authorizedotnet/phpcs.xml
authorizedotnet/.gitignore
authorizedotnet/package.json
authorizedotnet/package-lock.json
authorizedotnet/vendor/bin/*
authorizedotnet/vendor/squizlabs/*
authorizedotnet/vendor/phpcompatibility/*
authorizedotnet/vendor/dealerdirect/*
authorizedotnet/vendor/moodlehq/*
authorizedotnet/vendor/composer/*
authorizedotnet/vendor/autoload.php
authorizedotnet/node_modules/*
authorizedotnet/phpunit.xml
authorizedotnet/tests/*
authorizedotnet/release/*
authorizedotnet/exclude.lst
authorizedotnet/Gruntfile.js
authorizedotnet/VERIFICATION.md
authorizedotnet/scripts/*